0000              1   ;--------------------------------------------------------
0000              2   ; File Created by C51
0000              3   ; Version 1.0.0 #1069 (Apr 23 2015) (MSVC)
0000              4   ; This file was generated Sat Mar 31 13:56:58 2018
0000              5   ;--------------------------------------------------------
                  5   $name clawcode
                  6   $optc51 --model-small
0000              8            R_DSEG    segment data
0000              9            R_CSEG    segment code
0000             10            R_BSEG    segment bit
0000             11            R_XSEG    segment xdata
0000             12            R_PSEG    segment xdata
0000             13            R_ISEG    segment idata
0000             14            R_OSEG    segment data overlay
0000             15            BIT_BANK  segment data overlay
0000             16            R_HOME    segment code
0000             17            R_GSINIT  segment code
0000             18            R_IXSEG   segment xdata
0000             19            R_CONST   segment code
0000             20            R_XINIT   segment code
0000             21            R_DINIT   segment code
0000             22   
0000             23   ;--------------------------------------------------------
0000             24   ; Public variables in this module
0000             25   ;--------------------------------------------------------
0000             26            public _main
0000             27            public _Timer2_ISR
0000             28            public _claw_control
0000             29            public __c51_external_startup
0000             30            public _claw_count
0000             31            public _pwm_count
0000             32            public _dir_count
0000             33            public _claw_pos
0000             34            public _pwm
0000             35            public _pwmR
0000             36            public _pwmL
0000             37   ;--------------------------------------------------------
0000             38   ; Special Function Registers
0000             39   ;--------------------------------------------------------
0000             40   _ACC            DATA 0xe0
0000             41   _ADC0ASAH       DATA 0xb6
0000             42   _ADC0ASAL       DATA 0xb5
0000             43   _ADC0ASCF       DATA 0xa1
0000             44   _ADC0ASCT       DATA 0xc7
0000             45   _ADC0CF0        DATA 0xbc
0000             46   _ADC0CF1        DATA 0xb9
0000             47   _ADC0CF2        DATA 0xdf
0000             48   _ADC0CN0        DATA 0xe8
0000             49   _ADC0CN1        DATA 0xb2
0000             50   _ADC0CN2        DATA 0xb3
0000             51   _ADC0GTH        DATA 0xc4
0000             52   _ADC0GTL        DATA 0xc3
0000             53   _ADC0H          DATA 0xbe
0000             54   _ADC0L          DATA 0xbd
0000             55   _ADC0LTH        DATA 0xc6
0000             56   _ADC0LTL        DATA 0xc5
0000             57   _ADC0MX         DATA 0xbb
0000             58   _B              DATA 0xf0
0000             59   _CKCON0         DATA 0x8e
0000             60   _CKCON1         DATA 0xa6
0000             61   _CLEN0          DATA 0xc6
0000             62   _CLIE0          DATA 0xc7
0000             63   _CLIF0          DATA 0xe8
0000             64   _CLKSEL         DATA 0xa9
0000             65   _CLOUT0         DATA 0xd1
0000             66   _CLU0CF         DATA 0xb1
0000             67   _CLU0FN         DATA 0xaf
0000             68   _CLU0MX         DATA 0x84
0000             69   _CLU1CF         DATA 0xb3
0000             70   _CLU1FN         DATA 0xb2
0000             71   _CLU1MX         DATA 0x85
0000             72   _CLU2CF         DATA 0xb6
0000             73   _CLU2FN         DATA 0xb5
0000             74   _CLU2MX         DATA 0x91
0000             75   _CLU3CF         DATA 0xbf
0000             76   _CLU3FN         DATA 0xbe
0000             77   _CLU3MX         DATA 0xae
0000             78   _CMP0CN0        DATA 0x9b
0000             79   _CMP0CN1        DATA 0x99
0000             80   _CMP0MD         DATA 0x9d
0000             81   _CMP0MX         DATA 0x9f
0000             82   _CMP1CN0        DATA 0xbf
0000             83   _CMP1CN1        DATA 0xac
0000             84   _CMP1MD         DATA 0xab
0000             85   _CMP1MX         DATA 0xaa
0000             86   _CRC0CN0        DATA 0xce
0000             87   _CRC0CN1        DATA 0x86
0000             88   _CRC0CNT        DATA 0xd3
0000             89   _CRC0DAT        DATA 0xcb
0000             90   _CRC0FLIP       DATA 0xcf
0000             91   _CRC0IN         DATA 0xca
0000             92   _CRC0ST         DATA 0xd2
0000             93   _DAC0CF0        DATA 0x91
0000             94   _DAC0CF1        DATA 0x92
0000             95   _DAC0H          DATA 0x85
0000             96   _DAC0L          DATA 0x84
0000             97   _DAC1CF0        DATA 0x93
0000             98   _DAC1CF1        DATA 0x94
0000             99   _DAC1H          DATA 0x8a
0000            100   _DAC1L          DATA 0x89
0000            101   _DAC2CF0        DATA 0x95
0000            102   _DAC2CF1        DATA 0x96
0000            103   _DAC2H          DATA 0x8c
0000            104   _DAC2L          DATA 0x8b
0000            105   _DAC3CF0        DATA 0x9a
0000            106   _DAC3CF1        DATA 0x9c
0000            107   _DAC3H          DATA 0x8e
0000            108   _DAC3L          DATA 0x8d
0000            109   _DACGCF0        DATA 0x88
0000            110   _DACGCF1        DATA 0x98
0000            111   _DACGCF2        DATA 0xa2
0000            112   _DERIVID        DATA 0xad
0000            113   _DEVICEID       DATA 0xb5
0000            114   _DPH            DATA 0x83
0000            115   _DPL            DATA 0x82
0000            116   _EIE1           DATA 0xe6
0000            117   _EIE2           DATA 0xf3
0000            118   _EIP1           DATA 0xbb
0000            119   _EIP1H          DATA 0xee
0000            120   _EIP2           DATA 0xed
0000            121   _EIP2H          DATA 0xf6
0000            122   _EMI0CN         DATA 0xe7
0000            123   _FLKEY          DATA 0xb7
0000            124   _HFO0CAL        DATA 0xc7
0000            125   _HFO1CAL        DATA 0xd6
0000            126   _HFOCN          DATA 0xef
0000            127   _I2C0ADM        DATA 0xff
0000            128   _I2C0CN0        DATA 0xba
0000            129   _I2C0DIN        DATA 0xbc
0000            130   _I2C0DOUT       DATA 0xbb
0000            131   _I2C0FCN0       DATA 0xad
0000            132   _I2C0FCN1       DATA 0xab
0000            133   _I2C0FCT        DATA 0xf5
0000            134   _I2C0SLAD       DATA 0xbd
0000            135   _I2C0STAT       DATA 0xb9
0000            136   _IE             DATA 0xa8
0000            137   _IP             DATA 0xb8
0000            138   _IPH            DATA 0xf2
0000            139   _IT01CF         DATA 0xe4
0000            140   _LFO0CN         DATA 0xb1
0000            141   _P0             DATA 0x80
0000            142   _P0MASK         DATA 0xfe
0000            143   _P0MAT          DATA 0xfd
0000            144   _P0MDIN         DATA 0xf1
0000            145   _P0MDOUT        DATA 0xa4
0000            146   _P0SKIP         DATA 0xd4
0000            147   _P1             DATA 0x90
0000            148   _P1MASK         DATA 0xee
0000            149   _P1MAT          DATA 0xed
0000            150   _P1MDIN         DATA 0xf2
0000            151   _P1MDOUT        DATA 0xa5
0000            152   _P1SKIP         DATA 0xd5
0000            153   _P2             DATA 0xa0
0000            154   _P2MASK         DATA 0xfc
0000            155   _P2MAT          DATA 0xfb
0000            156   _P2MDIN         DATA 0xf3
0000            157   _P2MDOUT        DATA 0xa6
0000            158   _P2SKIP         DATA 0xcc
0000            159   _P3             DATA 0xb0
0000            160   _P3MDIN         DATA 0xf4
0000            161   _P3MDOUT        DATA 0x9c
0000            162   _PCA0CENT       DATA 0x9e
0000            163   _PCA0CLR        DATA 0x9c
0000            164   _PCA0CN0        DATA 0xd8
0000            165   _PCA0CPH0       DATA 0xfc
0000            166   _PCA0CPH1       DATA 0xea
0000            167   _PCA0CPH2       DATA 0xec
0000            168   _PCA0CPH3       DATA 0xf5
0000            169   _PCA0CPH4       DATA 0x85
0000            170   _PCA0CPH5       DATA 0xde
0000            171   _PCA0CPL0       DATA 0xfb
0000            172   _PCA0CPL1       DATA 0xe9
0000            173   _PCA0CPL2       DATA 0xeb
0000            174   _PCA0CPL3       DATA 0xf4
0000            175   _PCA0CPL4       DATA 0x84
0000            176   _PCA0CPL5       DATA 0xdd
0000            177   _PCA0CPM0       DATA 0xda
0000            178   _PCA0CPM1       DATA 0xdb
0000            179   _PCA0CPM2       DATA 0xdc
0000            180   _PCA0CPM3       DATA 0xae
0000            181   _PCA0CPM4       DATA 0xaf
0000            182   _PCA0CPM5       DATA 0xcc
0000            183   _PCA0H          DATA 0xfa
0000            184   _PCA0L          DATA 0xf9
0000            185   _PCA0MD         DATA 0xd9
0000            186   _PCA0POL        DATA 0x96
0000            187   _PCA0PWM        DATA 0xf7
0000            188   _PCON0          DATA 0x87
0000            189   _PCON1          DATA 0xcd
0000            190   _PFE0CN         DATA 0xc1
0000            191   _PRTDRV         DATA 0xf6
0000            192   _PSCTL          DATA 0x8f
0000            193   _PSTAT0         DATA 0xaa
0000            194   _PSW            DATA 0xd0
0000            195   _REF0CN         DATA 0xd1
0000            196   _REG0CN         DATA 0xc9
0000            197   _REVID          DATA 0xb6
0000            198   _RSTSRC         DATA 0xef
0000            199   _SBCON1         DATA 0x94
0000            200   _SBRLH1         DATA 0x96
0000            201   _SBRLL1         DATA 0x95
0000            202   _SBUF           DATA 0x99
0000            203   _SBUF0          DATA 0x99
0000            204   _SBUF1          DATA 0x92
0000            205   _SCON           DATA 0x98
0000            206   _SCON0          DATA 0x98
0000            207   _SCON1          DATA 0xc8
0000            208   _SFRPAGE        DATA 0xa7
0000            209   _SFRPGCN        DATA 0xbc
0000            210   _SFRSTACK       DATA 0xd7
0000            211   _SMB0ADM        DATA 0xd6
0000            212   _SMB0ADR        DATA 0xd7
0000            213   _SMB0CF         DATA 0xc1
0000            214   _SMB0CN0        DATA 0xc0
0000            215   _SMB0DAT        DATA 0xc2
0000            216   _SMB0FCN0       DATA 0xc3
0000            217   _SMB0FCN1       DATA 0xc4
0000            218   _SMB0FCT        DATA 0xef
0000            219   _SMB0RXLN       DATA 0xc5
0000            220   _SMB0TC         DATA 0xac
0000            221   _SMOD1          DATA 0x93
0000            222   _SP             DATA 0x81
0000            223   _SPI0CFG        DATA 0xa1
0000            224   _SPI0CKR        DATA 0xa2
0000            225   _SPI0CN0        DATA 0xf8
0000            226   _SPI0DAT        DATA 0xa3
0000            227   _SPI0FCN0       DATA 0x9a
0000            228   _SPI0FCN1       DATA 0x9b
0000            229   _SPI0FCT        DATA 0xf7
0000            230   _SPI0PCF        DATA 0xdf
0000            231   _TCON           DATA 0x88
0000            232   _TH0            DATA 0x8c
0000            233   _TH1            DATA 0x8d
0000            234   _TL0            DATA 0x8a
0000            235   _TL1            DATA 0x8b
0000            236   _TMOD           DATA 0x89
0000            237   _TMR2CN0        DATA 0xc8
0000            238   _TMR2CN1        DATA 0xfd
0000            239   _TMR2H          DATA 0xcf
0000            240   _TMR2L          DATA 0xce
0000            241   _TMR2RLH        DATA 0xcb
0000            242   _TMR2RLL        DATA 0xca
0000            243   _TMR3CN0        DATA 0x91
0000            244   _TMR3CN1        DATA 0xfe
0000            245   _TMR3H          DATA 0x95
0000            246   _TMR3L          DATA 0x94
0000            247   _TMR3RLH        DATA 0x93
0000            248   _TMR3RLL        DATA 0x92
0000            249   _TMR4CN0        DATA 0x98
0000            250   _TMR4CN1        DATA 0xff
0000            251   _TMR4H          DATA 0xa5
0000            252   _TMR4L          DATA 0xa4
0000            253   _TMR4RLH        DATA 0xa3
0000            254   _TMR4RLL        DATA 0xa2
0000            255   _TMR5CN0        DATA 0xc0
0000            256   _TMR5CN1        DATA 0xf1
0000            257   _TMR5H          DATA 0xd5
0000            258   _TMR5L          DATA 0xd4
0000            259   _TMR5RLH        DATA 0xd3
0000            260   _TMR5RLL        DATA 0xd2
0000            261   _UART0PCF       DATA 0xd9
0000            262   _UART1FCN0      DATA 0x9d
0000            263   _UART1FCN1      DATA 0xd8
0000            264   _UART1FCT       DATA 0xfa
0000            265   _UART1LIN       DATA 0x9e
0000            266   _UART1PCF       DATA 0xda
0000            267   _VDM0CN         DATA 0xff
0000            268   _WDTCN          DATA 0x97
0000            269   _XBR0           DATA 0xe1
0000            270   _XBR1           DATA 0xe2
0000            271   _XBR2           DATA 0xe3
0000            272   _XOSC0CN        DATA 0x86
0000            273   _DPTR           DATA 0x8382
0000            274   _TMR2RL         DATA 0xcbca
0000            275   _TMR3RL         DATA 0x9392
0000            276   _TMR4RL         DATA 0xa3a2
0000            277   _TMR5RL         DATA 0xd3d2
0000            278   _TMR0           DATA 0x8c8a
0000            279   _TMR1           DATA 0x8d8b
0000            280   _TMR2           DATA 0xcfce
0000            281   _TMR3           DATA 0x9594
0000            282   _TMR4           DATA 0xa5a4
0000            283   _TMR5           DATA 0xd5d4
0000            284   _SBRL1          DATA 0x9695
0000            285   _PCA0           DATA 0xfaf9
0000            286   _PCA0CP0        DATA 0xfcfb
0000            287   _PCA0CP1        DATA 0xeae9
0000            288   _PCA0CP2        DATA 0xeceb
0000            289   _PCA0CP3        DATA 0xf5f4
0000            290   _PCA0CP4        DATA 0x8584
0000            291   _PCA0CP5        DATA 0xdedd
0000            292   _ADC0ASA        DATA 0xb6b5
0000            293   _ADC0GT         DATA 0xc4c3
0000            294   _ADC0           DATA 0xbebd
0000            295   _ADC0LT         DATA 0xc6c5
0000            296   _DAC0           DATA 0x8584
0000            297   _DAC1           DATA 0x8a89
0000            298   _DAC2           DATA 0x8c8b
0000            299   _DAC3           DATA 0x8e8d
0000            300   ;--------------------------------------------------------
0000            301   ; special function bits
0000            302   ;--------------------------------------------------------
0000            303   _ACC_0          BIT 0xe0
0000            304   _ACC_1          BIT 0xe1
0000            305   _ACC_2          BIT 0xe2
0000            306   _ACC_3          BIT 0xe3
0000            307   _ACC_4          BIT 0xe4
0000            308   _ACC_5          BIT 0xe5
0000            309   _ACC_6          BIT 0xe6
0000            310   _ACC_7          BIT 0xe7
0000            311   _TEMPE          BIT 0xe8
0000            312   _ADGN0          BIT 0xe9
0000            313   _ADGN1          BIT 0xea
0000            314   _ADWINT         BIT 0xeb
0000            315   _ADBUSY         BIT 0xec
0000            316   _ADINT          BIT 0xed
0000            317   _IPOEN          BIT 0xee
0000            318   _ADEN           BIT 0xef
0000            319   _B_0            BIT 0xf0
0000            320   _B_1            BIT 0xf1
0000            321   _B_2            BIT 0xf2
0000            322   _B_3            BIT 0xf3
0000            323   _B_4            BIT 0xf4
0000            324   _B_5            BIT 0xf5
0000            325   _B_6            BIT 0xf6
0000            326   _B_7            BIT 0xf7
0000            327   _C0FIF          BIT 0xe8
0000            328   _C0RIF          BIT 0xe9
0000            329   _C1FIF          BIT 0xea
0000            330   _C1RIF          BIT 0xeb
0000            331   _C2FIF          BIT 0xec
0000            332   _C2RIF          BIT 0xed
0000            333   _C3FIF          BIT 0xee
0000            334   _C3RIF          BIT 0xef
0000            335   _D1SRC0         BIT 0x88
0000            336   _D1SRC1         BIT 0x89
0000            337   _D1AMEN         BIT 0x8a
0000            338   _D01REFSL       BIT 0x8b
0000            339   _D3SRC0         BIT 0x8c
0000            340   _D3SRC1         BIT 0x8d
0000            341   _D3AMEN         BIT 0x8e
0000            342   _D23REFSL       BIT 0x8f
0000            343   _D0UDIS         BIT 0x98
0000            344   _D1UDIS         BIT 0x99
0000            345   _D2UDIS         BIT 0x9a
0000            346   _D3UDIS         BIT 0x9b
0000            347   _EX0            BIT 0xa8
0000            348   _ET0            BIT 0xa9
0000            349   _EX1            BIT 0xaa
0000            350   _ET1            BIT 0xab
0000            351   _ES0            BIT 0xac
0000            352   _ET2            BIT 0xad
0000            353   _ESPI0          BIT 0xae
0000            354   _EA             BIT 0xaf
0000            355   _PX0            BIT 0xb8
0000            356   _PT0            BIT 0xb9
0000            357   _PX1            BIT 0xba
0000            358   _PT1            BIT 0xbb
0000            359   _PS0            BIT 0xbc
0000            360   _PT2            BIT 0xbd
0000            361   _PSPI0          BIT 0xbe
0000            362   _P0_0           BIT 0x80
0000            363   _P0_1           BIT 0x81
0000            364   _P0_2           BIT 0x82
0000            365   _P0_3           BIT 0x83
0000            366   _P0_4           BIT 0x84
0000            367   _P0_5           BIT 0x85
0000            368   _P0_6           BIT 0x86
0000            369   _P0_7           BIT 0x87
0000            370   _P1_0           BIT 0x90
0000            371   _P1_1           BIT 0x91
0000            372   _P1_2           BIT 0x92
0000            373   _P1_3           BIT 0x93
0000            374   _P1_4           BIT 0x94
0000            375   _P1_5           BIT 0x95
0000            376   _P1_6           BIT 0x96
0000            377   _P1_7           BIT 0x97
0000            378   _P2_0           BIT 0xa0
0000            379   _P2_1           BIT 0xa1
0000            380   _P2_2           BIT 0xa2
0000            381   _P2_3           BIT 0xa3
0000            382   _P2_4           BIT 0xa4
0000            383   _P2_5           BIT 0xa5
0000            384   _P2_6           BIT 0xa6
0000            385   _P3_0           BIT 0xb0
0000            386   _P3_1           BIT 0xb1
0000            387   _P3_2           BIT 0xb2
0000            388   _P3_3           BIT 0xb3
0000            389   _P3_4           BIT 0xb4
0000            390   _P3_7           BIT 0xb7
0000            391   _CCF0           BIT 0xd8
0000            392   _CCF1           BIT 0xd9
0000            393   _CCF2           BIT 0xda
0000            394   _CCF3           BIT 0xdb
0000            395   _CCF4           BIT 0xdc
0000            396   _CCF5           BIT 0xdd
0000            397   _CR             BIT 0xde
0000            398   _CF             BIT 0xdf
0000            399   _PARITY         BIT 0xd0
0000            400   _F1             BIT 0xd1
0000            401   _OV             BIT 0xd2
0000            402   _RS0            BIT 0xd3
0000            403   _RS1            BIT 0xd4
0000            404   _F0             BIT 0xd5
0000            405   _AC             BIT 0xd6
0000            406   _CY             BIT 0xd7
0000            407   _RI             BIT 0x98
0000            408   _TI             BIT 0x99
0000            409   _RB8            BIT 0x9a
0000            410   _TB8            BIT 0x9b
0000            411   _REN            BIT 0x9c
0000            412   _CE             BIT 0x9d
0000            413   _SMODE          BIT 0x9e
0000            414   _RI1            BIT 0xc8
0000            415   _TI1            BIT 0xc9
0000            416   _RBX1           BIT 0xca
0000            417   _TBX1           BIT 0xcb
0000            418   _REN1           BIT 0xcc
0000            419   _PERR1          BIT 0xcd
0000            420   _OVR1           BIT 0xce
0000            421   _SI             BIT 0xc0
0000            422   _ACK            BIT 0xc1
0000            423   _ARBLOST        BIT 0xc2
0000            424   _ACKRQ          BIT 0xc3
0000            425   _STO            BIT 0xc4
0000            426   _STA            BIT 0xc5
0000            427   _TXMODE         BIT 0xc6
0000            428   _MASTER         BIT 0xc7
0000            429   _SPIEN          BIT 0xf8
0000            430   _TXNF           BIT 0xf9
0000            431   _NSSMD0         BIT 0xfa
0000            432   _NSSMD1         BIT 0xfb
0000            433   _RXOVRN         BIT 0xfc
0000            434   _MODF           BIT 0xfd
0000            435   _WCOL           BIT 0xfe
0000            436   _SPIF           BIT 0xff
0000            437   _IT0            BIT 0x88
0000            438   _IE0            BIT 0x89
0000            439   _IT1            BIT 0x8a
0000            440   _IE1            BIT 0x8b
0000            441   _TR0            BIT 0x8c
0000            442   _TF0            BIT 0x8d
0000            443   _TR1            BIT 0x8e
0000            444   _TF1            BIT 0x8f
0000            445   _T2XCLK0        BIT 0xc8
0000            446   _T2XCLK1        BIT 0xc9
0000            447   _TR2            BIT 0xca
0000            448   _T2SPLIT        BIT 0xcb
0000            449   _TF2CEN         BIT 0xcc
0000            450   _TF2LEN         BIT 0xcd
0000            451   _TF2L           BIT 0xce
0000            452   _TF2H           BIT 0xcf
0000            453   _T4XCLK0        BIT 0x98
0000            454   _T4XCLK1        BIT 0x99
0000            455   _TR4            BIT 0x9a
0000            456   _T4SPLIT        BIT 0x9b
0000            457   _TF4CEN         BIT 0x9c
0000            458   _TF4LEN         BIT 0x9d
0000            459   _TF4L           BIT 0x9e
0000            460   _TF4H           BIT 0x9f
0000            461   _T5XCLK0        BIT 0xc0
0000            462   _T5XCLK1        BIT 0xc1
0000            463   _TR5            BIT 0xc2
0000            464   _T5SPLIT        BIT 0xc3
0000            465   _TF5CEN         BIT 0xc4
0000            466   _TF5LEN         BIT 0xc5
0000            467   _TF5L           BIT 0xc6
0000            468   _TF5H           BIT 0xc7
0000            469   _RIE            BIT 0xd8
0000            470   _RXTO0          BIT 0xd9
0000            471   _RXTO1          BIT 0xda
0000            472   _RFRQ           BIT 0xdb
0000            473   _TIE            BIT 0xdc
0000            474   _TXHOLD         BIT 0xdd
0000            475   _TXNF1          BIT 0xde
0000            476   _TFRQ           BIT 0xdf
0000            477   ;--------------------------------------------------------
0000            478   ; overlayable register banks
0000            479   ;--------------------------------------------------------
0000            480            rbank0 segment data overlay
0000            481            rbank2 segment data overlay
0000            482   ;--------------------------------------------------------
0000            483   ; overlayable bit register bank
0000            484   ;--------------------------------------------------------
0000            485            rseg BIT_BANK
0000            486   bits:
0000            487            ds 1
0001            488            b0 equ  bits.0 
0001            489            b1 equ  bits.1 
0001            490            b2 equ  bits.2 
0001            491            b3 equ  bits.3 
0001            492            b4 equ  bits.4 
0001            493            b5 equ  bits.5 
0001            494            b6 equ  bits.6 
0001            495            b7 equ  bits.7 
0001            496   ;--------------------------------------------------------
0001            497   ; internal ram data
0001            498   ;--------------------------------------------------------
0000            499            rseg R_DSEG
0000            500   _pwmL:
0000            501            ds 2
0002            502   _pwmR:
0002            503            ds 2
0004            504   _pwm:
0004            505            ds 2
0006            506   _claw_pos:
0006            507            ds 2
0008            508   _dir_count:
0008            509            ds 2
000A            510   _pwm_count:
000A            511            ds 1
000B            512   _claw_count:
000B            513            ds 2
000D            514   ;--------------------------------------------------------
000D            515   ; overlayable items in internal ram 
000D            516   ;--------------------------------------------------------
0000            517            rseg R_OSEG
0000            518   ;--------------------------------------------------------
0000            519   ; indirectly addressable internal ram data
0000            520   ;--------------------------------------------------------
0000            521            rseg R_ISEG
0000            522   ;--------------------------------------------------------
0000            523   ; absolute internal ram data
0000            524   ;--------------------------------------------------------
0000            525            DSEG
0000            526   ;--------------------------------------------------------
0000            527   ; bit data
0000            528   ;--------------------------------------------------------
0000            529            rseg R_BSEG
0000            530   ;--------------------------------------------------------
0000            531   ; paged external ram data
0000            532   ;--------------------------------------------------------
0000            533            rseg R_PSEG
0000            534   ;--------------------------------------------------------
0000            535   ; external ram data
0000            536   ;--------------------------------------------------------
0000            537            rseg R_XSEG
0000            538   ;--------------------------------------------------------
0000            539   ; absolute external ram data
0000            540   ;--------------------------------------------------------
0000            541            XSEG
0000            542   ;--------------------------------------------------------
0000            543   ; external initialized ram data
0000            544   ;--------------------------------------------------------
0000            545            rseg R_IXSEG
0000            546            rseg R_HOME
0000            547            rseg R_GSINIT
0000            548            rseg R_CSEG
0000            549   ;--------------------------------------------------------
0000            550   ; Reset entry point and interrupt vectors
0000            551   ;--------------------------------------------------------
0000            552            CSEG at 0x0000
0000 020100     553            ljmp    _crt0
002B            554            CSEG at 0x002b
002B 020100     555            ljmp    _Timer2_ISR
002E            556   ;--------------------------------------------------------
002E            557   ; global & static initialisations
002E            558   ;--------------------------------------------------------
0000            559            rseg R_HOME
0000            560            rseg R_GSINIT
0000            561            rseg R_GSINIT
0000            562   ;--------------------------------------------------------
0000            563   ; data variables initialization
0000            564   ;--------------------------------------------------------
0000            565            rseg R_DINIT
0000            566   ;        D:\School\Elec 291\Project 2\mcar\autonomous_firmware\clawcode.c:26: volatile unsigned short pwmL = -1;
0000 75D0FF     567            mov     _pwmL,#0xFF
0003 75D1FF     568            mov     (_pwmL + 1),#0xFF
0006            569   ;        D:\School\Elec 291\Project 2\mcar\autonomous_firmware\clawcode.c:27: volatile unsigned short pwmR = -1;
0006 7590FF     570            mov     _pwmR,#0xFF
0009 7591FF     571            mov     (_pwmR + 1),#0xFF
000C            572   ;        D:\School\Elec 291\Project 2\mcar\autonomous_firmware\clawcode.c:28: volatile unsigned short pwm = -1;
000C 7550FF     573            mov     _pwm,#0xFF
000F 7551FF     574            mov     (_pwm + 1),#0xFF
0012            575   ;        D:\School\Elec 291\Project 2\mcar\autonomous_firmware\clawcode.c:29: volatile unsigned short claw_pos = 1;
0012 751001     576            mov     _claw_pos,#0x01
0015 E4         577            clr     a
0016 F511       578            mov     (_claw_pos + 1),a
0018            579   ;        D:\School\Elec 291\Project 2\mcar\autonomous_firmware\clawcode.c:33: volatile short dir_count=0;                        //used to determine the direction, if <=-7 then cw, if >=7 ccw
0018 E4         580            clr     a
0019 F5D0       581            mov     _dir_count,a
001B F5D1       582            mov     (_dir_count + 1),a
001D            583   ;        D:\School\Elec 291\Project 2\mcar\autonomous_firmware\clawcode.c:34: volatile unsigned char pwm_count=0;
001D 759000     584            mov     _pwm_count,#0x00
0020            585   ;        D:\School\Elec 291\Project 2\mcar\autonomous_firmware\clawcode.c:35: volatile unsigned short claw_count = 0;
0020 E4         586            clr     a
0021 F550       587            mov     _claw_count,a
0023 F551       588            mov     (_claw_count + 1),a
0025            589            ; The linker places a 'ret' at the end of segment R_DINIT.
0025            590   ;--------------------------------------------------------
0025            591   ; code
0025            592   ;--------------------------------------------------------
0000            593            rseg R_CSEG
0000            594   ;------------------------------------------------------------
0000            595   ;Allocation info for local variables in function '_c51_external_startup'
0000            596   ;------------------------------------------------------------
0000            597   ;------------------------------------------------------------
0000            598   ;        D:\School\Elec 291\Project 2\mcar\autonomous_firmware\clawcode.c:38: char _c51_external_startup (void)
0000            599   ;        -----------------------------------------
0000            600   ;         function _c51_external_startup
0000            601   ;        -----------------------------------------
0000            602   __c51_external_startup:
0000            603            using   0
0000            604   ;        D:\School\Elec 291\Project 2\mcar\autonomous_firmware\clawcode.c:41: SFRPAGE = 0x00;
0000 75A700     605            mov     _SFRPAGE,#0x00
0003            606   ;        D:\School\Elec 291\Project 2\mcar\autonomous_firmware\clawcode.c:42: WDTCN = 0xDE; //First key
0003 7597DE     607            mov     _WDTCN,#0xDE
0006            608   ;        D:\School\Elec 291\Project 2\mcar\autonomous_firmware\clawcode.c:43: WDTCN = 0xAD; //Second key
0006 7597AD     609            mov     _WDTCN,#0xAD
0009            610   ;        D:\School\Elec 291\Project 2\mcar\autonomous_firmware\clawcode.c:45: VDM0CN=0x80;       // enable VDD monitor
0009 75FF80     611            mov     _VDM0CN,#0x80
000C            612   ;        D:\School\Elec 291\Project 2\mcar\autonomous_firmware\clawcode.c:46: RSTSRC=0x02|0x04;  // Enable reset on missing clock detector and VDD
000C 75EF06     613            mov     _RSTSRC,#0x06
000F            614   ;        D:\School\Elec 291\Project 2\mcar\autonomous_firmware\clawcode.c:53: SFRPAGE = 0x10;
000F 75A710     615            mov     _SFRPAGE,#0x10
0012            616   ;        D:\School\Elec 291\Project 2\mcar\autonomous_firmware\clawcode.c:54: PFE0CN  = 0x20; // SYSCLK < 75 MHz.
0012 75C120     617            mov     _PFE0CN,#0x20
0015            618   ;        D:\School\Elec 291\Project 2\mcar\autonomous_firmware\clawcode.c:55: SFRPAGE = 0x00;
0015 75A700     619            mov     _SFRPAGE,#0x00
0018            620   ;        D:\School\Elec 291\Project 2\mcar\autonomous_firmware\clawcode.c:76: CLKSEL = 0x00;
0018 75A900     621            mov     _CLKSEL,#0x00
001B            622   ;        D:\School\Elec 291\Project 2\mcar\autonomous_firmware\clawcode.c:77: CLKSEL = 0x00;
001B 75A900     623            mov     _CLKSEL,#0x00
001E            624   ;        D:\School\Elec 291\Project 2\mcar\autonomous_firmware\clawcode.c:78: while ((CLKSEL & 0x80) == 0);
001E            625   L002001?:
001E E5A9       626            mov     a,_CLKSEL
0020 30E780     627            jnb     acc.7,L002001?
0023            628   ;        D:\School\Elec 291\Project 2\mcar\autonomous_firmware\clawcode.c:79: CLKSEL = 0x03;
0023 75A903     629            mov     _CLKSEL,#0x03
0026            630   ;        D:\School\Elec 291\Project 2\mcar\autonomous_firmware\clawcode.c:80: CLKSEL = 0x03;
0026 75A903     631            mov     _CLKSEL,#0x03
0029            632   ;        D:\School\Elec 291\Project 2\mcar\autonomous_firmware\clawcode.c:81: while ((CLKSEL & 0x80) == 0);
0029            633   L002004?:
0029 E5A9       634            mov     a,_CLKSEL
002B 30E700     635            jnb     acc.7,L002004?
002E            636   ;        D:\School\Elec 291\Project 2\mcar\autonomous_firmware\clawcode.c:86: P0MDOUT |= 0x10; // Enable UART0 TX as push-pull output
002E 43A410     637            orl     _P0MDOUT,#0x10
0031            638   ;        D:\School\Elec 291\Project 2\mcar\autonomous_firmware\clawcode.c:87: XBR0     = 0x01; // Enable UART0 on P0.4(TX) and P0.5(RX)                     
0031 75E101     639            mov     _XBR0,#0x01
0034            640   ;        D:\School\Elec 291\Project 2\mcar\autonomous_firmware\clawcode.c:88: XBR1     = 0X00;
0034 75E200     641            mov     _XBR1,#0x00
0037            642   ;        D:\School\Elec 291\Project 2\mcar\autonomous_firmware\clawcode.c:89: XBR2     = 0x40; // Enable crossbar and weak pull-ups
0037 75E340     643            mov     _XBR2,#0x40
003A            644   ;        D:\School\Elec 291\Project 2\mcar\autonomous_firmware\clawcode.c:95: SCON0 = 0x10;
003A 759810     645            mov     _SCON0,#0x10
003D            646   ;        D:\School\Elec 291\Project 2\mcar\autonomous_firmware\clawcode.c:96: TH1 = 0x100-((SYSCLK/BAUDRATE)/(2L*12L));
003D 758DE6     647            mov     _TH1,#0xE6
0040            648   ;        D:\School\Elec 291\Project 2\mcar\autonomous_firmware\clawcode.c:97: TL1 = TH1;      // Init Timer1
0040 858D8B     649            mov     _TL1,_TH1
0043            650   ;        D:\School\Elec 291\Project 2\mcar\autonomous_firmware\clawcode.c:98: TMOD &= ~0xf0;  // TMOD: timer 1 in 8-bit auto-reload
0043 53890F     651            anl     _TMOD,#0x0F
0046            652   ;        D:\School\Elec 291\Project 2\mcar\autonomous_firmware\clawcode.c:99: TMOD |=  0x20;                       
0046 438920     653            orl     _TMOD,#0x20
0049            654   ;        D:\School\Elec 291\Project 2\mcar\autonomous_firmware\clawcode.c:100: TR1 = 1; // START Timer1
0049 D28E       655            setb    _TR1
004B            656   ;        D:\School\Elec 291\Project 2\mcar\autonomous_firmware\clawcode.c:101: TI = 1;  // Indicate TX0 ready
004B D299       657            setb    _TI
004D            658   ;        D:\School\Elec 291\Project 2\mcar\autonomous_firmware\clawcode.c:104: TMR2CN0=0x00;   // Stop Timer2; Clear TF2;
004D 75C800     659            mov     _TMR2CN0,#0x00
0050            660   ;        D:\School\Elec 291\Project 2\mcar\autonomous_firmware\clawcode.c:105: CKCON0|=0b_0001_0000; // Timer 2 uses the system clock
0050 438E10     661            orl     _CKCON0,#0x10
0053            662   ;        D:\School\Elec 291\Project 2\mcar\autonomous_firmware\clawcode.c:106: TMR2RL=(0x10000L-(SYSCLK/10000L)); // Initialize reload value
0053 75CAE0     663            mov     _TMR2RL,#0xE0
0056 75CBE3     664            mov     (_TMR2RL >> 8),#0xE3
0059            665   ;        D:\School\Elec 291\Project 2\mcar\autonomous_firmware\clawcode.c:107: TMR2=0xffff;   // Set to reload immediately
0059 75CEFF     666            mov     _TMR2,#0xFF
005C 75CFFF     667            mov     (_TMR2 >> 8),#0xFF
005F            668   ;        D:\School\Elec 291\Project 2\mcar\autonomous_firmware\clawcode.c:108: ET2=1;         // Enable Timer2 interrupts
005F D2AD       669            setb    _ET2
0061            670   ;        D:\School\Elec 291\Project 2\mcar\autonomous_firmware\clawcode.c:109: TR2=1;         // Start Timer2 (TMR2CN is bit addressable)
0061 D2CA       671            setb    _TR2
0063            672   ;        D:\School\Elec 291\Project 2\mcar\autonomous_firmware\clawcode.c:111: EA=1; // Enable interrupts
0063 D2AF       673            setb    _EA
0065            674   ;        D:\School\Elec 291\Project 2\mcar\autonomous_firmware\clawcode.c:113: return 0;
0065 758200     675            mov     dpl,#0x00
0068 22         676            ret
0069            677   ;------------------------------------------------------------
0069            678   ;Allocation info for local variables in function 'claw_control'
0069            679   ;------------------------------------------------------------
0069            680   ;------------------------------------------------------------
0069            681   ;        D:\School\Elec 291\Project 2\mcar\autonomous_firmware\clawcode.c:116: void claw_control(void)
0069            682   ;        -----------------------------------------
0069            683   ;         function claw_control
0069            684   ;        -----------------------------------------
0069            685   _claw_control:
0069            686   ;        D:\School\Elec 291\Project 2\mcar\autonomous_firmware\clawcode.c:118: claw_count++;
0069 7401       687            mov     a,#0x01
006B 2550       688            add     a,_claw_count
006D F550       689            mov     _claw_count,a
006F E4         690            clr     a
0070 3551       691            addc    a,(_claw_count + 1)
0072 F551       692            mov     (_claw_count + 1),a
0074            693   ;        D:\School\Elec 291\Project 2\mcar\autonomous_firmware\clawcode.c:119: if (claw_count > 199) claw_count=0;
0074 C3         694            clr     c
0075 74C7       695            mov     a,#0xC7
0077 9550       696            subb    a,_claw_count
0079 E4         697            clr     a
007A 9551       698            subb    a,(_claw_count + 1)
007C 5001       699            jnc     L003002?
007E E4         700            clr     a
007F F550       701            mov     _claw_count,a
0081 F551       702            mov     (_claw_count + 1),a
0083            703   L003002?:
0083            704   ;        D:\School\Elec 291\Project 2\mcar\autonomous_firmware\clawcode.c:121: if (claw_count < 5)
0083 C3         705            clr     c
0084 E550       706            mov     a,_claw_count
0086 9405       707            subb    a,#0x05
0088 E551       708            mov     a,(_claw_count + 1)
008A 9400       709            subb    a,#0x00
008C 5001       710            jnc     L003007?
008E            711   ;        D:\School\Elec 291\Project 2\mcar\autonomous_firmware\clawcode.c:123: P2_1=!P2_1;
008E B2A1       712            cpl     _P2_1
0090            713   ;        D:\School\Elec 291\Project 2\mcar\autonomous_firmware\clawcode.c:124: CLAW_L = 1;
0090 D297       714            setb    _P1_7
0092            715   ;        D:\School\Elec 291\Project 2\mcar\autonomous_firmware\clawcode.c:125: CLAW_R = 1;
0092 D2A0       716            setb    _P2_0
0094 22         717            ret
0095            718   L003007?:
0095            719   ;        D:\School\Elec 291\Project 2\mcar\autonomous_firmware\clawcode.c:126: } else if (claw_count >= 22) {
0095 C3         720            clr     c
0096 E550       721            mov     a,_claw_count
0098 9416       722            subb    a,#0x16
009A E551       723            mov     a,(_claw_count + 1)
009C 9400       724            subb    a,#0x00
009E 4001       725            jc      L003004?
00A0            726   ;        D:\School\Elec 291\Project 2\mcar\autonomous_firmware\clawcode.c:127: CLAW_L = 0;
00A0 C297       727            clr     _P1_7
00A2            728   ;        D:\School\Elec 291\Project 2\mcar\autonomous_firmware\clawcode.c:128: CLAW_R = 0;
00A2 C2A0       729            clr     _P2_0
00A4 22         730            ret
00A5            731   L003004?:
00A5            732   ;        D:\School\Elec 291\Project 2\mcar\autonomous_firmware\clawcode.c:130: CLAW_L = (claw_count < claw_pos + 5) ? 1 : 0;
00A5 7405       733            mov     a,#0x05
00A7 2510       734            add     a,_claw_pos
00A9 FA         735            mov     r2,a
00AA E4         736            clr     a
00AB 3511       737            addc    a,(_claw_pos + 1)
00AD FB         738            mov     r3,a
00AE C3         739            clr     c
00AF E550       740            mov     a,_claw_count
00B1 9A         741            subb    a,r2
00B2 E551       742            mov     a,(_claw_count + 1)
00B4 9B         743            subb    a,r3
00B5 9297       744            mov     _P1_7,c
00B7            745   ;        D:\School\Elec 291\Project 2\mcar\autonomous_firmware\clawcode.c:131: CLAW_R = (claw_count < 22 - claw_pos) ? 1 : 0;
00B7 7416       746            mov     a,#0x16
00B9 C3         747            clr     c
00BA 9510       748            subb    a,_claw_pos
00BC FA         749            mov     r2,a
00BD E4         750            clr     a
00BE 9511       751            subb    a,(_claw_pos + 1)
00C0 FB         752            mov     r3,a
00C1 C3         753            clr     c
00C2 E550       754            mov     a,_claw_count
00C4 9A         755            subb    a,r2
00C5 E551       756            mov     a,(_claw_count + 1)
00C7 9B         757            subb    a,r3
00C8 92A0       758            mov     _P2_0,c
00CA 22         759            ret
00CB            760   ;------------------------------------------------------------
00CB            761   ;Allocation info for local variables in function 'Timer2_ISR'
00CB            762   ;------------------------------------------------------------
00CB            763   ;------------------------------------------------------------
00CB            764   ;        D:\School\Elec 291\Project 2\mcar\autonomous_firmware\clawcode.c:136: void Timer2_ISR (void) interrupt 5 using 2
00CB            765   ;        -----------------------------------------
00CB            766   ;         function Timer2_ISR
00CB            767   ;        -----------------------------------------
00CB            768   _Timer2_ISR:
00CB            769            using   2
00CB C040       770            push    bits
00CD C0E0       771            push    acc
00CF C0F0       772            push    b
00D1 C082       773            push    dpl
00D3 C083       774            push    dph
00D5 C002       775            push    (0+2)
00D7 C003       776            push    (0+3)
00D9 C004       777            push    (0+4)
00DB C005       778            push    (0+5)
00DD C006       779            push    (0+6)
00DF C007       780            push    (0+7)
00E1 C000       781            push    (0+0)
00E3 C001       782            push    (0+1)
00E5 C0D0       783            push    psw
00E7 75D010     784            mov     psw,#0x10
00EA            785   ;        D:\School\Elec 291\Project 2\mcar\autonomous_firmware\clawcode.c:138: TF2H = 0; // Clear Timer2 interrupt flag
00EA C2CF       786            clr     _TF2H
00EC            787   ;        D:\School\Elec 291\Project 2\mcar\autonomous_firmware\clawcode.c:139: claw_control();
00EC 75D000     788            mov     psw,#0x00
00EF 120100     789            lcall   _claw_control
00F2 75D010     790            mov     psw,#0x10
00F5 D0D0       791            pop     psw
00F7 D001       792            pop     (0+1)
00F9 D000       793            pop     (0+0)
00FB D007       794            pop     (0+7)
00FD D006       795            pop     (0+6)
00FF D005       796            pop     (0+5)
0101 D004       797            pop     (0+4)
0103 D003       798            pop     (0+3)
0105 D002       799            pop     (0+2)
0107 D083       800            pop     dph
0109 D082       801            pop     dpl
010B D0F0       802            pop     b
010D D0E0       803            pop     acc
010F D040       804            pop     bits
0111 32         805            reti
0112            806   ;------------------------------------------------------------
0112            807   ;Allocation info for local variables in function 'main'
0112            808   ;------------------------------------------------------------
0112            809   ;------------------------------------------------------------
0112            810   ;        D:\School\Elec 291\Project 2\mcar\autonomous_firmware\clawcode.c:144: void main (void)
0112            811   ;        -----------------------------------------
0112            812   ;         function main
0112            813   ;        -----------------------------------------
0112            814   _main:
0112            815            using   0
0112            816   ;        D:\School\Elec 291\Project 2\mcar\autonomous_firmware\clawcode.c:147: while(1) {
0112            817   L005002?:
0112            818   ;        D:\School\Elec 291\Project 2\mcar\autonomous_firmware\clawcode.c:148: printf("\nPlease enter claw position(0-4): ");
0112 7440       819            mov     a,#__str_0
0114 C0E0       820            push    acc
0116 74B8       821            mov     a,#(__str_0 >> 8)
0118 C0E0       822            push    acc
011A 7480       823            mov     a,#0x80
011C C0E0       824            push    acc
011E 120100     825            lcall   _printf
0121 1581       826            dec     sp
0123 1581       827            dec     sp
0125 1581       828            dec     sp
0127            829   ;        D:\School\Elec 291\Project 2\mcar\autonomous_firmware\clawcode.c:149: scanf("%d", &claw_pos);
0127 7410       830            mov     a,#_claw_pos
0129 C0E0       831            push    acc
012B 7413       832            mov     a,#(_claw_pos >> 8)
012D C0E0       833            push    acc
012F 7440       834            mov     a,#0x40
0131 C0E0       835            push    acc
0133 7400       836            mov     a,#__str_1
0135 C0E0       837            push    acc
0137 74B9       838            mov     a,#(__str_1 >> 8)
0139 C0E0       839            push    acc
013B 7480       840            mov     a,#0x80
013D C0E0       841            push    acc
013F 120100     842            lcall   _scanf
0142 E581       843            mov     a,sp
0144 24FA       844            add     a,#0xfa
0146 F581       845            mov     sp,a
0148 8001       846            sjmp    L005002?
014A            847            rseg R_CSEG
014A            848   
0000            849            rseg R_XINIT
0000            850   
0000            851            rseg R_CONST
0000            852   __str_0:
0000 0A         853            db 0x0A
0001 506C6561   854            db 'Please enter claw position(0-4): '
     73652065
     6E746572
     20636C61
     7720706F
     73697469
     6F6E2830
     2D34293A
     20
0022 00         855            db 0x00
0023            856   __str_1:
0023 2564       857            db '%d'
0025 00         858            db 0x00
0026            859   
002E            860            CSEG
002E            861   
002E            862   end
